<?xml version="1.0" encoding="UTF-8"?>
<!-- Generated by org.testng.reporters.JUnitReportReporter -->
<testsuite hostname="DESKTOP-CSB64NO" failures="0" tests="2" name="automationExample.Reditum" time="279.980" errors="0" timestamp="2024-05-21T16:32:35 IST" skipped="0">
  <testcase classname="automationExample.Reditum" name="adminPanel" time="94.476"/>
  <system-out/>
  <testcase classname="automationExample.Reditum" name="userpanel" time="185.504"/>
  <system-out/>
</testsuite> <!-- automationExample.Reditum -->
