<?xml version="1.0" encoding="UTF-8"?>
<!-- Generated by org.testng.reporters.JUnitReportReporter -->
<testsuite hostname="DESKTOP-CSB64NO" failures="0" tests="2" name="automationExample.Reditum" time="283.291" errors="0" timestamp="2024-05-16T10:09:38 IST" skipped="0">
  <testcase classname="automationExample.Reditum" name="adminPanel" time="107.990"/>
  <system-out/>
  <testcase classname="automationExample.Reditum" name="userpanel" time="175.301"/>
  <system-out/>
</testsuite> <!-- automationExample.Reditum -->
